Paper06 admissibility classification derivation
=================================================================
  S3xEH: chi=4 F_shell=4 residual=0 label=L_ADMISSIBLE status=PASS
  S3xAX: chi=4 F_shell=4 residual=0 label=L_ADMISSIBLE status=PASS
  S3xVT: chi=4 F_shell=4 residual=0 label=L_ADMISSIBLE status=PASS
  S3xMX: chi=4 F_shell=4 residual=0 label=L_CONDITIONALLY_ADMISSIBLE status=PASS
  T3xEH: chi=0 F_shell=0 residual=0 label=L_ADMISSIBLE status=PASS
  T3xAX: chi=0 F_shell=0 residual=0 label=L_ADMISSIBLE status=PASS
  T3xVT: chi=0 F_shell=0 residual=0 label=L_ADMISSIBLE status=PASS
  T3xMX: chi=0 F_shell=0 residual=0 label=L_CONDITIONALLY_ADMISSIBLE status=PASS
  Nil3xEH: chi=-1/12 F_shell=-1/12 residual=0 label=L_ADMISSIBLE status=PASS
  Nil3xAX: chi=-1/12 F_shell=-1/12 residual=0 label=L_ADMISSIBLE status=PASS
  Nil3xVT: chi=-1/12 F_shell=-1/12 residual=0 label=L_ADMISSIBLE status=PASS
  Nil3xMX: chi=-1/12 F_shell=-1/12 residual=0 label=L_CONDITIONALLY_ADMISSIBLE status=PASS
  Sol3xEH: chi=-1/3 F_shell=-1/3 residual=0 label=L_ADMISSIBLE status=PASS
  Sol3xAX: chi=-1/3 F_shell=-1/3 residual=0 label=L_ADMISSIBLE status=PASS
  Sol3xVT: chi=-1/3 F_shell=-1/3 residual=0 label=L_ADMISSIBLE status=PASS
  Sol3xMX: chi=-1/3 F_shell=-1/3 residual=0 label=L_CONDITIONALLY_ADMISSIBLE status=PASS
row_details_begin
  row_detail {"topology": "S3", "mode": "EH", "chi_from_lc_curvature": "4", "F_branch_engine_derived": "4", "hamiltonian_constraint": "(4*N**2 + qdot**2)/N**2", "aux_vars": "none", "aux_equations": "none", "shell_solution": "trivial", "F_on_shell": "4", "F_on_shell_minus_chi": "0", "hessian_det": "n/a", "hessian_status": "NOT_APPLICABLE", "admissibility_label": "L_ADMISSIBLE", "label_origin": "AUXILIARY_CLOSURE", "overall_status": "PASS"}
  row_detail {"topology": "S3", "mode": "AX", "chi_from_lc_curvature": "4", "F_branch_engine_derived": "-(eta - 2)*(eta + 2)", "hamiltonian_constraint": "-(N**2*eta**2 - 4*N**2 - qdot**2)/N**2", "aux_vars": "eta", "aux_equations": "-2*eta", "shell_solution": "eta=0", "F_on_shell": "4", "F_on_shell_minus_chi": "0", "hessian_det": "-2", "hessian_status": "NONZERO_UNDER_Q_POSITIVE_DOMAIN", "admissibility_label": "L_ADMISSIBLE", "label_origin": "AUXILIARY_CLOSURE", "overall_status": "PASS"}
  row_detail {"topology": "S3", "mode": "VT", "chi_from_lc_curvature": "4", "F_branch_engine_derived": "(V**2*q**2 + 36)/9", "hamiltonian_constraint": "(N**2*V**2*q**2 + 36*N**2 + 9*qdot**2)/(9*N**2)", "aux_vars": "V", "aux_equations": "2*V*q**2/9", "shell_solution": "V=0", "F_on_shell": "4", "F_on_shell_minus_chi": "0", "hessian_det": "2*q**2/9", "hessian_status": "NONZERO_UNDER_Q_POSITIVE_DOMAIN", "admissibility_label": "L_ADMISSIBLE", "label_origin": "AUXILIARY_CLOSURE", "overall_status": "PASS"}
  row_detail {"topology": "S3", "mode": "MX", "chi_from_lc_curvature": "4", "F_branch_engine_derived": "(V**2*q**2 + 6*V*eta*kappa**2*q*theta_NY - 9*eta**2 + 36)/9", "hamiltonian_constraint": "(N**2*V**2*q**2 + 6*N**2*V*eta*kappa**2*q*theta_NY - 9*N**2*eta**2 + 36*N**2 + 9*qdot**2)/(9*N**2)", "aux_vars": "eta,V", "aux_equations": "2*V*kappa**2*q*theta_NY/3 - 2*eta,2*V*q**2/9 + 2*eta*kappa**2*q*theta_NY/3", "shell_solution": "V=0,eta=0", "F_on_shell": "4", "F_on_shell_minus_chi": "0", "hessian_det": "-4*q**2*(kappa**4*theta_NY**2 + 1)/9", "hessian_status": "NONZERO_UNDER_Q_POSITIVE_DOMAIN", "admissibility_label": "L_CONDITIONALLY_ADMISSIBLE", "label_origin": "MIXED_AUXILIARY_HESSIAN", "overall_status": "PASS"}
  row_detail {"topology": "T3", "mode": "EH", "chi_from_lc_curvature": "0", "F_branch_engine_derived": "0", "hamiltonian_constraint": "qdot**2/N**2", "aux_vars": "none", "aux_equations": "none", "shell_solution": "trivial", "F_on_shell": "0", "F_on_shell_minus_chi": "0", "hessian_det": "n/a", "hessian_status": "NOT_APPLICABLE", "admissibility_label": "L_ADMISSIBLE", "label_origin": "AUXILIARY_CLOSURE", "overall_status": "PASS"}
  row_detail {"topology": "T3", "mode": "AX", "chi_from_lc_curvature": "0", "F_branch_engine_derived": "-eta**2", "hamiltonian_constraint": "-(N*eta - qdot)*(N*eta + qdot)/N**2", "aux_vars": "eta", "aux_equations": "-2*eta", "shell_solution": "eta=0", "F_on_shell": "0", "F_on_shell_minus_chi": "0", "hessian_det": "-2", "hessian_status": "NONZERO_UNDER_Q_POSITIVE_DOMAIN", "admissibility_label": "L_ADMISSIBLE", "label_origin": "AUXILIARY_CLOSURE", "overall_status": "PASS"}
  row_detail {"topology": "T3", "mode": "VT", "chi_from_lc_curvature": "0", "F_branch_engine_derived": "V**2*q**2/9", "hamiltonian_constraint": "(N**2*V**2*q**2 + 9*qdot**2)/(9*N**2)", "aux_vars": "V", "aux_equations": "2*V*q**2/9", "shell_solution": "V=0", "F_on_shell": "0", "F_on_shell_minus_chi": "0", "hessian_det": "2*q**2/9", "hessian_status": "NONZERO_UNDER_Q_POSITIVE_DOMAIN", "admissibility_label": "L_ADMISSIBLE", "label_origin": "AUXILIARY_CLOSURE", "overall_status": "PASS"}
  row_detail {"topology": "T3", "mode": "MX", "chi_from_lc_curvature": "0", "F_branch_engine_derived": "(V**2*q**2 + 6*V*eta*kappa**2*q*theta_NY - 9*eta**2)/9", "hamiltonian_constraint": "(N**2*V**2*q**2 + 6*N**2*V*eta*kappa**2*q*theta_NY - 9*N**2*eta**2 + 9*qdot**2)/(9*N**2)", "aux_vars": "eta,V", "aux_equations": "2*V*kappa**2*q*theta_NY/3 - 2*eta,2*V*q**2/9 + 2*eta*kappa**2*q*theta_NY/3", "shell_solution": "V=0,eta=0", "F_on_shell": "0", "F_on_shell_minus_chi": "0", "hessian_det": "-4*q**2*(kappa**4*theta_NY**2 + 1)/9", "hessian_status": "NONZERO_UNDER_Q_POSITIVE_DOMAIN", "admissibility_label": "L_CONDITIONALLY_ADMISSIBLE", "label_origin": "MIXED_AUXILIARY_HESSIAN", "overall_status": "PASS"}
  row_detail {"topology": "Nil3", "mode": "EH", "chi_from_lc_curvature": "-1/12", "F_branch_engine_derived": "-1/12", "hamiltonian_constraint": "-(N**2 - 12*qdot**2)/(12*N**2)", "aux_vars": "none", "aux_equations": "none", "shell_solution": "trivial", "F_on_shell": "-1/12", "F_on_shell_minus_chi": "0", "hessian_det": "n/a", "hessian_status": "NOT_APPLICABLE", "admissibility_label": "L_ADMISSIBLE", "label_origin": "AUXILIARY_CLOSURE", "overall_status": "PASS"}
  row_detail {"topology": "Nil3", "mode": "AX", "chi_from_lc_curvature": "-1/12", "F_branch_engine_derived": "-(12*eta**2 + 1)/12", "hamiltonian_constraint": "-(12*N**2*eta**2 + N**2 - 12*qdot**2)/(12*N**2)", "aux_vars": "eta", "aux_equations": "-2*eta", "shell_solution": "eta=0", "F_on_shell": "-1/12", "F_on_shell_minus_chi": "0", "hessian_det": "-2", "hessian_status": "NONZERO_UNDER_Q_POSITIVE_DOMAIN", "admissibility_label": "L_ADMISSIBLE", "label_origin": "AUXILIARY_CLOSURE", "overall_status": "PASS"}
  row_detail {"topology": "Nil3", "mode": "VT", "chi_from_lc_curvature": "-1/12", "F_branch_engine_derived": "(4*V**2*q**2 - 3)/36", "hamiltonian_constraint": "(4*N**2*V**2*q**2 - 3*N**2 + 36*qdot**2)/(36*N**2)", "aux_vars": "V", "aux_equations": "2*V*q**2/9", "shell_solution": "V=0", "F_on_shell": "-1/12", "F_on_shell_minus_chi": "0", "hessian_det": "2*q**2/9", "hessian_status": "NONZERO_UNDER_Q_POSITIVE_DOMAIN", "admissibility_label": "L_ADMISSIBLE", "label_origin": "AUXILIARY_CLOSURE", "overall_status": "PASS"}
  row_detail {"topology": "Nil3", "mode": "MX", "chi_from_lc_curvature": "-1/12", "F_branch_engine_derived": "(4*V**2*q**2 + 24*V*eta*kappa**2*q*theta_NY - 36*eta**2 - 3)/36", "hamiltonian_constraint": "(4*N**2*V**2*q**2 + 24*N**2*V*eta*kappa**2*q*theta_NY - 36*N**2*eta**2 - 3*N**2 + 36*qdot**2)/(36*N**2)", "aux_vars": "eta,V", "aux_equations": "2*V*kappa**2*q*theta_NY/3 - 2*eta,2*V*q**2/9 + 2*eta*kappa**2*q*theta_NY/3", "shell_solution": "V=0,eta=0", "F_on_shell": "-1/12", "F_on_shell_minus_chi": "0", "hessian_det": "-4*q**2*(kappa**4*theta_NY**2 + 1)/9", "hessian_status": "NONZERO_UNDER_Q_POSITIVE_DOMAIN", "admissibility_label": "L_CONDITIONALLY_ADMISSIBLE", "label_origin": "MIXED_AUXILIARY_HESSIAN", "overall_status": "PASS"}
  row_detail {"topology": "Sol3", "mode": "EH", "chi_from_lc_curvature": "-1/3", "F_branch_engine_derived": "-1/3", "hamiltonian_constraint": "-(N**2 - 3*qdot**2)/(3*N**2)", "aux_vars": "none", "aux_equations": "none", "shell_solution": "trivial", "F_on_shell": "-1/3", "F_on_shell_minus_chi": "0", "hessian_det": "n/a", "hessian_status": "NOT_APPLICABLE", "admissibility_label": "L_ADMISSIBLE", "label_origin": "AUXILIARY_CLOSURE", "overall_status": "PASS"}
  row_detail {"topology": "Sol3", "mode": "AX", "chi_from_lc_curvature": "-1/3", "F_branch_engine_derived": "-(3*eta**2 + 1)/3", "hamiltonian_constraint": "-(3*N**2*eta**2 + N**2 - 3*qdot**2)/(3*N**2)", "aux_vars": "eta", "aux_equations": "-2*eta", "shell_solution": "eta=0", "F_on_shell": "-1/3", "F_on_shell_minus_chi": "0", "hessian_det": "-2", "hessian_status": "NONZERO_UNDER_Q_POSITIVE_DOMAIN", "admissibility_label": "L_ADMISSIBLE", "label_origin": "AUXILIARY_CLOSURE", "overall_status": "PASS"}
  row_detail {"topology": "Sol3", "mode": "VT", "chi_from_lc_curvature": "-1/3", "F_branch_engine_derived": "(V**2*q**2 - 3)/9", "hamiltonian_constraint": "(N**2*V**2*q**2 - 3*N**2 + 9*qdot**2)/(9*N**2)", "aux_vars": "V", "aux_equations": "2*V*q**2/9", "shell_solution": "V=0", "F_on_shell": "-1/3", "F_on_shell_minus_chi": "0", "hessian_det": "2*q**2/9", "hessian_status": "NONZERO_UNDER_Q_POSITIVE_DOMAIN", "admissibility_label": "L_ADMISSIBLE", "label_origin": "AUXILIARY_CLOSURE", "overall_status": "PASS"}
  row_detail {"topology": "Sol3", "mode": "MX", "chi_from_lc_curvature": "-1/3", "F_branch_engine_derived": "(V**2*q**2 + 6*V*eta*kappa**2*q*theta_NY - 9*eta**2 - 3)/9", "hamiltonian_constraint": "(N**2*V**2*q**2 + 6*N**2*V*eta*kappa**2*q*theta_NY - 9*N**2*eta**2 - 3*N**2 + 9*qdot**2)/(9*N**2)", "aux_vars": "eta,V", "aux_equations": "2*V*kappa**2*q*theta_NY/3 - 2*eta,2*V*q**2/9 + 2*eta*kappa**2*q*theta_NY/3", "shell_solution": "V=0,eta=0", "F_on_shell": "-1/3", "F_on_shell_minus_chi": "0", "hessian_det": "-4*q**2*(kappa**4*theta_NY**2 + 1)/9", "hessian_status": "NONZERO_UNDER_Q_POSITIVE_DOMAIN", "admissibility_label": "L_CONDITIONALLY_ADMISSIBLE", "label_origin": "MIXED_AUXILIARY_HESSIAN", "overall_status": "PASS"}
row_details_end

total_branches=16
label_counts={'L_ADMISSIBLE': 12, 'L_CONDITIONALLY_ADMISSIBLE': 4}
fail_count=0
overall_verdict=PASS

Computation time: 1.4s

*Script: scripts/paper06/admissibility_classification.py
